Starting a Gradle Daemon, 11 stopped Daemons could not be reused, use --status for details
> Task :compileJava UP-TO-DATE
> Task :processResources UP-TO-DATE
> Task :classes UP-TO-DATE
> Task :resolveMainClassName UP-TO-DATE

> Task :bootRun

  .   ____          _            __ _ _
 /\\ / ___'_ __ _ _(_)_ __  __ _ \ \ \ \
( ( )\___ | '_ | '_| | '_ \/ _` | \ \ \ \
 \\/  ___)| |_)| | | | | || (_| |  ) ) ) )
  '  |____| .__|_| |_|_| |_\__, | / / / /
 =========|_|==============|___/=/_/_/_/

 :: Spring Boot ::                (v3.4.1)

2025-03-06T21:08:22.091+05:30  INFO 63824 --- [rent_read] [  restartedMain] com.crio.rent_read.RentReadApplication   : Starting RentReadApplication using Java 21.0.6 with PID 63824 (/Users/adars/Desktop/Crio/backendspringboot/pyton_test/Book-Rental-Service/build/classes/java/main started by adars in /Users/adars/Desktop/Crio/backendspringboot/pyton_test/Book-Rental-Service)
2025-03-06T21:08:22.092+05:30  INFO 63824 --- [rent_read] [  restartedMain] com.crio.rent_read.RentReadApplication   : No active profile set, falling back to 1 default profile: "default"
2025-03-06T21:08:22.110+05:30  INFO 63824 --- [rent_read] [  restartedMain] .e.DevToolsPropertyDefaultsPostProcessor : Devtools property defaults active! Set 'spring.devtools.add-properties' to 'false' to disable
2025-03-06T21:08:22.110+05:30  INFO 63824 --- [rent_read] [  restartedMain] .e.DevToolsPropertyDefaultsPostProcessor : For additional web related logging consider setting the 'logging.level.web' property to 'DEBUG'
2025-03-06T21:08:22.387+05:30  INFO 63824 --- [rent_read] [  restartedMain] .s.d.r.c.RepositoryConfigurationDelegate : Bootstrapping Spring Data JPA repositories in DEFAULT mode.
2025-03-06T21:08:22.410+05:30  INFO 63824 --- [rent_read] [  restartedMain] .s.d.r.c.RepositoryConfigurationDelegate : Finished Spring Data repository scanning in 18 ms. Found 3 JPA repository interfaces.
2025-03-06T21:08:22.702+05:30  INFO 63824 --- [rent_read] [  restartedMain] o.s.b.w.embedded.tomcat.TomcatWebServer  : Tomcat initialized with port 8081 (http)
2025-03-06T21:08:22.711+05:30  INFO 63824 --- [rent_read] [  restartedMain] o.apache.catalina.core.StandardService   : Starting service [Tomcat]
2025-03-06T21:08:22.711+05:30  INFO 63824 --- [rent_read] [  restartedMain] o.apache.catalina.core.StandardEngine    : Starting Servlet engine: [Apache Tomcat/10.1.34]
2025-03-06T21:08:22.727+05:30  INFO 63824 --- [rent_read] [  restartedMain] o.a.c.c.C.[Tomcat].[localhost].[/]       : Initializing Spring embedded WebApplicationContext
2025-03-06T21:08:22.727+05:30  INFO 63824 --- [rent_read] [  restartedMain] w.s.c.ServletWebServerApplicationContext : Root WebApplicationContext: initialization completed in 617 ms
2025-03-06T21:08:22.816+05:30  INFO 63824 --- [rent_read] [  restartedMain] o.hibernate.jpa.internal.util.LogHelper  : HHH000204: Processing PersistenceUnitInfo [name: default]
2025-03-06T21:08:22.843+05:30  INFO 63824 --- [rent_read] [  restartedMain] org.hibernate.Version                    : HHH000412: Hibernate ORM core version 6.6.4.Final
2025-03-06T21:08:22.855+05:30  INFO 63824 --- [rent_read] [  restartedMain] o.h.c.internal.RegionFactoryInitiator    : HHH000026: Second-level cache disabled
2025-03-06T21:08:22.970+05:30  INFO 63824 --- [rent_read] [  restartedMain] o.s.o.j.p.SpringPersistenceUnitInfo      : No LoadTimeWeaver setup: ignoring JPA class transformer
2025-03-06T21:08:22.982+05:30  INFO 63824 --- [rent_read] [  restartedMain] com.zaxxer.hikari.HikariDataSource       : HikariPool-1 - Starting...
2025-03-06T21:08:23.162+05:30  INFO 63824 --- [rent_read] [  restartedMain] com.zaxxer.hikari.pool.HikariPool        : HikariPool-1 - Added connection com.mysql.cj.jdbc.ConnectionImpl@4d79f876
2025-03-06T21:08:23.163+05:30  INFO 63824 --- [rent_read] [  restartedMain] com.zaxxer.hikari.HikariDataSource       : HikariPool-1 - Start completed.
2025-03-06T21:08:23.186+05:30  WARN 63824 --- [rent_read] [  restartedMain] org.hibernate.orm.deprecation            : HHH90000025: MySQLDialect does not need to be specified explicitly using 'hibernate.dialect' (remove the property setting and it will be selected by default)
2025-03-06T21:08:23.192+05:30  INFO 63824 --- [rent_read] [  restartedMain] org.hibernate.orm.connections.pooling    : HHH10001005: Database info:
	Database JDBC URL [Connecting through datasource 'HikariDataSource (HikariPool-1)']
	Database driver: undefined/unknown
	Database version: 9.2
	Autocommit mode: undefined/unknown
	Isolation level: undefined/unknown
	Minimum pool size: undefined/unknown
	Maximum pool size: undefined/unknown
2025-03-06T21:08:23.605+05:30  INFO 63824 --- [rent_read] [  restartedMain] o.h.e.t.j.p.i.JtaPlatformInitiator       : HHH000489: No JTA platform available (set 'hibernate.transaction.jta.platform' to enable JTA platform integration)
2025-03-06T21:08:23.655+05:30  INFO 63824 --- [rent_read] [  restartedMain] j.LocalContainerEntityManagerFactoryBean : Initialized JPA EntityManagerFactory for persistence unit 'default'
2025-03-06T21:08:23.838+05:30  INFO 63824 --- [rent_read] [  restartedMain] eAuthenticationProviderManagerConfigurer : Global AuthenticationManager configured with AuthenticationProvider bean with name authenticationProvider
2025-03-06T21:08:23.839+05:30  WARN 63824 --- [rent_read] [  restartedMain] r$InitializeUserDetailsManagerConfigurer : Global AuthenticationManager configured with an AuthenticationProvider bean. UserDetailsService beans will not be used by Spring Security for automatically configuring username/password login. Consider removing the AuthenticationProvider bean. Alternatively, consider using the UserDetailsService in a manually instantiated DaoAuthenticationProvider. If the current configuration is intentional, to turn off this warning, increase the logging level of 'org.springframework.security.config.annotation.authentication.configuration.InitializeUserDetailsBeanManagerConfigurer' to ERROR
2025-03-06T21:08:23.872+05:30  INFO 63824 --- [rent_read] [  restartedMain] o.s.d.j.r.query.QueryEnhancerFactory     : Hibernate is in classpath; If applicable, HQL parser will be used.
2025-03-06T21:08:24.136+05:30  WARN 63824 --- [rent_read] [  restartedMain] JpaBaseConfiguration$JpaWebConfiguration : spring.jpa.open-in-view is enabled by default. Therefore, database queries may be performed during view rendering. Explicitly configure spring.jpa.open-in-view to disable this warning
2025-03-06T21:08:24.433+05:30  INFO 63824 --- [rent_read] [  restartedMain] o.s.b.d.a.OptionalLiveReloadServer       : LiveReload server is running on port 35729
2025-03-06T21:08:24.447+05:30  INFO 63824 --- [rent_read] [  restartedMain] o.s.b.w.embedded.tomcat.TomcatWebServer  : Tomcat started on port 8081 (http) with context path '/'
2025-03-06T21:08:24.452+05:30  INFO 63824 --- [rent_read] [  restartedMain] com.crio.rent_read.RentReadApplication   : Started RentReadApplication in 2.5 seconds (process running for 2.678)
2025-03-06T21:08:24.921+05:30  INFO 63824 --- [rent_read] [nio-8081-exec-1] o.a.c.c.C.[Tomcat].[localhost].[/]       : Initializing Spring DispatcherServlet 'dispatcherServlet'
2025-03-06T21:08:24.921+05:30  INFO 63824 --- [rent_read] [nio-8081-exec-1] o.s.web.servlet.DispatcherServlet        : Initializing Servlet 'dispatcherServlet'
2025-03-06T21:08:24.922+05:30  INFO 63824 --- [rent_read] [nio-8081-exec-1] o.s.web.servlet.DispatcherServlet        : Completed initialization in 1 ms
Hibernate: 
    select
        u1_0.id 
    from
        rent_user u1_0 
    where
        u1_0.email=? 
    limit
        ?
Hibernate: 
    insert 
    into
        rent_user
        (email, first_name, last_name, password, role) 
    values
        (?, ?, ?, ?, ?)
Hibernate: 
    select
        u1_0.id,
        u1_0.email,
        u1_0.first_name,
        u1_0.last_name,
        u1_0.password,
        u1_0.role 
    from
        rent_user u1_0 
    where
        u1_0.email=?
Hibernate: 
    select
        u1_0.id 
    from
        rent_user u1_0 
    where
        u1_0.email=? 
    limit
        ?
Hibernate: 
    insert 
    into
        rent_user
        (email, first_name, last_name, password, role) 
    values
        (?, ?, ?, ?, ?)
Hibernate: 
    select
        u1_0.id,
        u1_0.email,
        u1_0.first_name,
        u1_0.last_name,
        u1_0.password,
        u1_0.role 
    from
        rent_user u1_0 
    where
        u1_0.email=?
Hibernate: 
    select
        u1_0.id,
        u1_0.email,
        u1_0.first_name,
        u1_0.last_name,
        u1_0.password,
        u1_0.role 
    from
        rent_user u1_0 
    where
        u1_0.email=?
Hibernate: 
    insert 
    into
        book
        (author, availability_status, genre, title) 
    values
        (?, ?, ?, ?)
Hibernate: 
    select
        u1_0.id,
        u1_0.email,
        u1_0.first_name,
        u1_0.last_name,
        u1_0.password,
        u1_0.role 
    from
        rent_user u1_0 
    where
        u1_0.email=?
Hibernate: 
    insert 
    into
        book
        (author, availability_status, genre, title) 
    values
        (?, ?, ?, ?)
Hibernate: 
    select
        u1_0.id,
        u1_0.email,
        u1_0.first_name,
        u1_0.last_name,
        u1_0.password,
        u1_0.role 
    from
        rent_user u1_0 
    where
        u1_0.email=?
Hibernate: 
    insert 
    into
        book
        (author, availability_status, genre, title) 
    values
        (?, ?, ?, ?)
Hibernate: 
    select
        u1_0.id,
        u1_0.email,
        u1_0.first_name,
        u1_0.last_name,
        u1_0.password,
        u1_0.role 
    from
        rent_user u1_0 
    where
        u1_0.email=?
Hibernate: 
    insert 
    into
        book
        (author, availability_status, genre, title) 
    values
        (?, ?, ?, ?)
Hibernate: 
    select
        u1_0.id,
        u1_0.email,
        u1_0.first_name,
        u1_0.last_name,
        u1_0.password,
        u1_0.role 
    from
        rent_user u1_0 
    where
        u1_0.email=?
Hibernate: 
    select
        count(*) 
    from
        book b1_0 
    where
        b1_0.id=?
Hibernate: 
    select
        b1_0.id,
        b1_0.author,
        b1_0.availability_status,
        b1_0.genre,
        b1_0.title 
    from
        book b1_0 
    where
        b1_0.id=?
Hibernate: 
    select
        r1_0.book_id,
        r1_0.id,
        r1_0.rented_at,
        r1_0.return_date,
        u1_0.id,
        u1_0.email,
        u1_0.first_name,
        u1_0.last_name,
        u1_0.password,
        u1_0.role 
    from
        rental r1_0 
    left join
        rent_user u1_0 
            on u1_0.id=r1_0.user_id 
    where
        r1_0.book_id=?
Hibernate: 
    delete 
    from
        book 
    where
        id=?
Hibernate: 
    select
        u1_0.id,
        u1_0.email,
        u1_0.first_name,
        u1_0.last_name,
        u1_0.password,
        u1_0.role 
    from
        rent_user u1_0 
    where
        u1_0.email=?
Hibernate: 
    insert 
    into
        book
        (author, availability_status, genre, title) 
    values
        (?, ?, ?, ?)
Hibernate: 
    select
        u1_0.id,
        u1_0.email,
        u1_0.first_name,
        u1_0.last_name,
        u1_0.password,
        u1_0.role 
    from
        rent_user u1_0 
    where
        u1_0.email=?
Hibernate: 
    insert 
    into
        book
        (author, availability_status, genre, title) 
    values
        (?, ?, ?, ?)
Hibernate: 
    select
        u1_0.id,
        u1_0.email,
        u1_0.first_name,
        u1_0.last_name,
        u1_0.password,
        u1_0.role 
    from
        rent_user u1_0 
    where
        u1_0.email=?
Hibernate: 
    insert 
    into
        book
        (author, availability_status, genre, title) 
    values
        (?, ?, ?, ?)
Hibernate: 
    select
        u1_0.id,
        u1_0.email,
        u1_0.first_name,
        u1_0.last_name,
        u1_0.password,
        u1_0.role 
    from
        rent_user u1_0 
    where
        u1_0.email=?
Hibernate: 
    insert 
    into
        book
        (author, availability_status, genre, title) 
    values
        (?, ?, ?, ?)
Hibernate: 
    select
        u1_0.id,
        u1_0.email,
        u1_0.first_name,
        u1_0.last_name,
        u1_0.password,
        u1_0.role 
    from
        rent_user u1_0 
    where
        u1_0.email=?
Hibernate: 
    select
        b1_0.id,
        b1_0.author,
        b1_0.availability_status,
        b1_0.genre,
        b1_0.title 
    from
        book b1_0 
    where
        b1_0.id=?
Hibernate: 
    update
        book 
    set
        author=?,
        availability_status=?,
        genre=?,
        title=? 
    where
        id=?
Hibernate: 
    select
        u1_0.id,
        u1_0.email,
        u1_0.first_name,
        u1_0.last_name,
        u1_0.password,
        u1_0.role 
    from
        rent_user u1_0 
    where
        u1_0.email=?
2025-03-06T21:08:26.636+05:30  WARN 63824 --- [rent_read] [nio-8081-exec-9] .m.m.a.ExceptionHandlerExceptionResolver : Resolved [org.springframework.security.authorization.AuthorizationDeniedException: Access Denied]
Hibernate: 
    select
        u1_0.id,
        u1_0.email,
        u1_0.first_name,
        u1_0.last_name,
        u1_0.password,
        u1_0.role 
    from
        rent_user u1_0 
    where
        u1_0.email=?
2025-03-06T21:08:26.733+05:30  WARN 63824 --- [rent_read] [nio-8081-exec-1] .m.m.a.ExceptionHandlerExceptionResolver : Resolved [org.springframework.security.authorization.AuthorizationDeniedException: Access Denied]
Hibernate: 
    select
        u1_0.id,
        u1_0.email,
        u1_0.first_name,
        u1_0.last_name,
        u1_0.password,
        u1_0.role 
    from
        rent_user u1_0 
    where
        u1_0.email=?
2025-03-06T21:08:26.826+05:30  WARN 63824 --- [rent_read] [nio-8081-exec-3] .m.m.a.ExceptionHandlerExceptionResolver : Resolved [org.springframework.security.authorization.AuthorizationDeniedException: Access Denied]
Hibernate: 
    select
        u1_0.id,
        u1_0.email,
        u1_0.first_name,
        u1_0.last_name,
        u1_0.password,
        u1_0.role 
    from
        rent_user u1_0 
    where
        u1_0.email=?
Hibernate: 
    select
        u1_0.id,
        u1_0.email,
        u1_0.first_name,
        u1_0.last_name,
        u1_0.password,
        u1_0.role 
    from
        rent_user u1_0 
    where
        u1_0.id=?
Hibernate: 
    select
        b1_0.id,
        b1_0.author,
        b1_0.availability_status,
        b1_0.genre,
        b1_0.title 
    from
        book b1_0 
    where
        b1_0.id=?
Hibernate: 
    select
        count(*) 
    from
        rent_user u1_0 
    where
        u1_0.id=?
Hibernate: 
    select
        r1_0.id,
        r1_0.book_id,
        r1_0.rented_at,
        r1_0.return_date,
        r1_0.user_id 
    from
        rental r1_0 
    where
        r1_0.user_id=? 
        and r1_0.return_date is null
Hibernate: 
    insert 
    into
        rental
        (book_id, rented_at, return_date, user_id) 
    values
        (?, ?, ?, ?)
Hibernate: 
    update
        book 
    set
        author=?,
        availability_status=?,
        genre=?,
        title=? 
    where
        id=?
Hibernate: 
    select
        u1_0.id,
        u1_0.email,
        u1_0.first_name,
        u1_0.last_name,
        u1_0.password,
        u1_0.role 
    from
        rent_user u1_0 
    where
        u1_0.email=?
Hibernate: 
    select
        u1_0.id,
        u1_0.email,
        u1_0.first_name,
        u1_0.last_name,
        u1_0.password,
        u1_0.role 
    from
        rent_user u1_0 
    where
        u1_0.id=?
Hibernate: 
    select
        b1_0.id,
        b1_0.author,
        b1_0.availability_status,
        b1_0.genre,
        b1_0.title 
    from
        book b1_0 
    where
        b1_0.id=?
Hibernate: 
    select
        count(*) 
    from
        rent_user u1_0 
    where
        u1_0.id=?
Hibernate: 
    select
        r1_0.id,
        r1_0.book_id,
        r1_0.rented_at,
        r1_0.return_date,
        r1_0.user_id 
    from
        rental r1_0 
    where
        r1_0.user_id=? 
        and r1_0.return_date is null
Hibernate: 
    select
        b1_0.id,
        b1_0.author,
        b1_0.availability_status,
        b1_0.genre,
        b1_0.title 
    from
        book b1_0 
    where
        b1_0.id=?
Hibernate: 
    insert 
    into
        rental
        (book_id, rented_at, return_date, user_id) 
    values
        (?, ?, ?, ?)
Hibernate: 
    update
        book 
    set
        author=?,
        availability_status=?,
        genre=?,
        title=? 
    where
        id=?
Hibernate: 
    select
        u1_0.id,
        u1_0.email,
        u1_0.first_name,
        u1_0.last_name,
        u1_0.password,
        u1_0.role 
    from
        rent_user u1_0 
    where
        u1_0.email=?
Hibernate: 
    select
        u1_0.id,
        u1_0.email,
        u1_0.first_name,
        u1_0.last_name,
        u1_0.password,
        u1_0.role 
    from
        rent_user u1_0 
    where
        u1_0.id=?
Hibernate: 
    select
        b1_0.id,
        b1_0.author,
        b1_0.availability_status,
        b1_0.genre,
        b1_0.title 
    from
        book b1_0 
    where
        b1_0.id=?
Hibernate: 
    select
        count(*) 
    from
        rent_user u1_0 
    where
        u1_0.id=?
Hibernate: 
    select
        r1_0.id,
        r1_0.book_id,
        r1_0.rented_at,
        r1_0.return_date,
        r1_0.user_id 
    from
        rental r1_0 
    where
        r1_0.user_id=? 
        and r1_0.return_date is null
Hibernate: 
    select
        b1_0.id,
        b1_0.author,
        b1_0.availability_status,
        b1_0.genre,
        b1_0.title 
    from
        book b1_0 
    where
        b1_0.id=?
Hibernate: 
    select
        b1_0.id,
        b1_0.author,
        b1_0.availability_status,
        b1_0.genre,
        b1_0.title 
    from
        book b1_0 
    where
        b1_0.id=?
2025-03-06T21:08:27.148+05:30  WARN 63824 --- [rent_read] [nio-8081-exec-7] .m.m.a.ExceptionHandlerExceptionResolver : Resolved [com.crio.rent_read.exception.MaximumRentalLimitReachedException: User has already reached maximum book rental limit!]
Hibernate: 
    select
        u1_0.id,
        u1_0.email,
        u1_0.first_name,
        u1_0.last_name,
        u1_0.password,
        u1_0.role 
    from
        rent_user u1_0 
    where
        u1_0.email=?
Hibernate: 
    select
        count(*) 
    from
        rent_user u1_0 
    where
        u1_0.id=?
Hibernate: 
    select
        r1_0.id,
        r1_0.book_id,
        r1_0.rented_at,
        r1_0.return_date,
        r1_0.user_id 
    from
        rental r1_0 
    where
        r1_0.user_id=? 
        and r1_0.return_date is null
Hibernate: 
    select
        b1_0.id,
        b1_0.author,
        b1_0.availability_status,
        b1_0.genre,
        b1_0.title 
    from
        book b1_0 
    where
        b1_0.id=?
Hibernate: 
    select
        u1_0.id,
        u1_0.email,
        u1_0.first_name,
        u1_0.last_name,
        u1_0.password,
        u1_0.role 
    from
        rent_user u1_0 
    where
        u1_0.id=?
Hibernate: 
    select
        b1_0.id,
        b1_0.author,
        b1_0.availability_status,
        b1_0.genre,
        b1_0.title 
    from
        book b1_0 
    where
        b1_0.id=?
Hibernate: 
    select
        u1_0.id,
        u1_0.email,
        u1_0.first_name,
        u1_0.last_name,
        u1_0.password,
        u1_0.role 
    from
        rent_user u1_0 
    where
        u1_0.email=?
